{"C:\\Users\\rafae\\Desktop\\projetos\\github\\ml-front-end-challenge\\src\\components\\BreadCrumb\\BreadCrumb.tsx": {"path":"C:\\Users\\rafae\\Desktop\\projetos\\github\\ml-front-end-challenge\\src\\components\\BreadCrumb\\BreadCrumb.tsx","statementMap":{"0":{"start":{"line":8,"column":36},"end":{"line":22,"column":1}},"1":{"start":{"line":9,"column":2},"end":{"line":21,"column":8}},"2":{"start":{"line":12,"column":8},"end":{"line":18,"column":13}}},"fnMap":{"0":{"name":"(anonymous_0)","decl":{"start":{"line":8,"column":36},"end":{"line":8,"column":37}},"loc":{"start":{"line":9,"column":2},"end":{"line":21,"column":8}},"line":9},"1":{"name":"(anonymous_1)","decl":{"start":{"line":11,"column":23},"end":{"line":11,"column":24}},"loc":{"start":{"line":12,"column":8},"end":{"line":18,"column":13}},"line":12}},"branchMap":{},"s":{"0":1,"1":2,"2":2},"f":{"0":2,"1":2},"b":{},"_coverageSchema":"1a1c01bbd47fc00a2c39e90264f33305004495a9","hash":"dbf3528f5ea61524fc52194457957ecf917c04d8"}
,"C:\\Users\\rafae\\Desktop\\projetos\\github\\ml-front-end-challenge\\src\\components\\Container\\Container.tsx": {"path":"C:\\Users\\rafae\\Desktop\\projetos\\github\\ml-front-end-challenge\\src\\components\\Container\\Container.tsx","statementMap":{"0":{"start":{"line":10,"column":35},"end":{"line":17,"column":1}},"1":{"start":{"line":11,"column":2},"end":{"line":16,"column":5}}},"fnMap":{"0":{"name":"(anonymous_0)","decl":{"start":{"line":10,"column":35},"end":{"line":10,"column":36}},"loc":{"start":{"line":11,"column":2},"end":{"line":16,"column":5}},"line":11}},"branchMap":{},"s":{"0":1,"1":1},"f":{"0":1},"b":{},"_coverageSchema":"1a1c01bbd47fc00a2c39e90264f33305004495a9","hash":"6f2651a1e8fbd6c8b977d591a7e336a70aa364b8"}
,"C:\\Users\\rafae\\Desktop\\projetos\\github\\ml-front-end-challenge\\src\\components\\Content\\Content.tsx": {"path":"C:\\Users\\rafae\\Desktop\\projetos\\github\\ml-front-end-challenge\\src\\components\\Content\\Content.tsx","statementMap":{"0":{"start":{"line":9,"column":33},"end":{"line":15,"column":1}},"1":{"start":{"line":10,"column":2},"end":{"line":14,"column":5}}},"fnMap":{"0":{"name":"(anonymous_0)","decl":{"start":{"line":9,"column":33},"end":{"line":9,"column":34}},"loc":{"start":{"line":10,"column":2},"end":{"line":14,"column":5}},"line":10}},"branchMap":{},"s":{"0":1,"1":1},"f":{"0":1},"b":{},"_coverageSchema":"1a1c01bbd47fc00a2c39e90264f33305004495a9","hash":"08475f48f59907b74a2bed93e208f578a0b9eea1"}
,"C:\\Users\\rafae\\Desktop\\projetos\\github\\ml-front-end-challenge\\src\\components\\Feedback\\Feedback.tsx": {"path":"C:\\Users\\rafae\\Desktop\\projetos\\github\\ml-front-end-challenge\\src\\components\\Feedback\\Feedback.tsx","statementMap":{"0":{"start":{"line":10,"column":34},"end":{"line":14,"column":1}},"1":{"start":{"line":11,"column":2},"end":{"line":13,"column":8}}},"fnMap":{"0":{"name":"(anonymous_0)","decl":{"start":{"line":10,"column":34},"end":{"line":10,"column":35}},"loc":{"start":{"line":11,"column":2},"end":{"line":13,"column":8}},"line":11}},"branchMap":{"0":{"loc":{"start":{"line":12,"column":16},"end":{"line":12,"column":74}},"type":"binary-expr","locations":[{"start":{"line":12,"column":16},"end":{"line":12,"column":20}},{"start":{"line":12,"column":24},"end":{"line":12,"column":74}}],"line":12}},"s":{"0":1,"1":2},"f":{"0":2},"b":{"0":[2,1]},"_coverageSchema":"1a1c01bbd47fc00a2c39e90264f33305004495a9","hash":"e0e426c9ec865dd897c25e50d08c9c1553c17f41"}
,"C:\\Users\\rafae\\Desktop\\projetos\\github\\ml-front-end-challenge\\src\\components\\Header\\Header.tsx": {"path":"C:\\Users\\rafae\\Desktop\\projetos\\github\\ml-front-end-challenge\\src\\components\\Header\\Header.tsx","statementMap":{"0":{"start":{"line":8,"column":25},"end":{"line":30,"column":1}},"1":{"start":{"line":9,"column":17},"end":{"line":9,"column":28}},"2":{"start":{"line":10,"column":22},"end":{"line":10,"column":70}},"3":{"start":{"line":12,"column":2},"end":{"line":29,"column":3}}},"fnMap":{"0":{"name":"(anonymous_0)","decl":{"start":{"line":8,"column":25},"end":{"line":8,"column":26}},"loc":{"start":{"line":8,"column":31},"end":{"line":30,"column":1}},"line":8}},"branchMap":{"0":{"loc":{"start":{"line":10,"column":22},"end":{"line":10,"column":70}},"type":"cond-expr","locations":[{"start":{"line":10,"column":58},"end":{"line":10,"column":62}},{"start":{"line":10,"column":65},"end":{"line":10,"column":70}}],"line":10}},"s":{"0":2,"1":4,"2":4,"3":4},"f":{"0":4},"b":{"0":[3,1]},"_coverageSchema":"1a1c01bbd47fc00a2c39e90264f33305004495a9","hash":"6cd19eabab03e365bbbee25ec2953f3ee2b4d3a4"}
,"C:\\Users\\rafae\\Desktop\\projetos\\github\\ml-front-end-challenge\\src\\components\\ProductCard\\ProductCard.tsx": {"path":"C:\\Users\\rafae\\Desktop\\projetos\\github\\ml-front-end-challenge\\src\\components\\ProductCard\\ProductCard.tsx","statementMap":{"0":{"start":{"line":15,"column":37},"end":{"line":51,"column":1}},"1":{"start":{"line":16,"column":2},"end":{"line":50,"column":8}}},"fnMap":{"0":{"name":"(anonymous_0)","decl":{"start":{"line":15,"column":37},"end":{"line":15,"column":38}},"loc":{"start":{"line":16,"column":2},"end":{"line":50,"column":8}},"line":16}},"branchMap":{"0":{"loc":{"start":{"line":36,"column":13},"end":{"line":38,"column":13}},"type":"binary-expr","locations":[{"start":{"line":36,"column":13},"end":{"line":36,"column":34}},{"start":{"line":37,"column":14},"end":{"line":37,"column":70}}],"line":36}},"s":{"0":2,"1":5},"f":{"0":5},"b":{"0":[5,5]},"_coverageSchema":"1a1c01bbd47fc00a2c39e90264f33305004495a9","hash":"7591a0afa7bf82de077784afe595e3778a55c5fc"}
,"C:\\Users\\rafae\\Desktop\\projetos\\github\\ml-front-end-challenge\\src\\components\\ProductDescription\\ProductDescription.tsx": {"path":"C:\\Users\\rafae\\Desktop\\projetos\\github\\ml-front-end-challenge\\src\\components\\ProductDescription\\ProductDescription.tsx","statementMap":{"0":{"start":{"line":8,"column":44},"end":{"line":15,"column":1}},"1":{"start":{"line":9,"column":2},"end":{"line":14,"column":8}}},"fnMap":{"0":{"name":"(anonymous_0)","decl":{"start":{"line":8,"column":44},"end":{"line":8,"column":45}},"loc":{"start":{"line":9,"column":2},"end":{"line":14,"column":8}},"line":9}},"branchMap":{},"s":{"0":2,"1":3},"f":{"0":3},"b":{},"_coverageSchema":"1a1c01bbd47fc00a2c39e90264f33305004495a9","hash":"59787f27feec9d4580fd63d8f3eb3d802109f976"}
,"C:\\Users\\rafae\\Desktop\\projetos\\github\\ml-front-end-challenge\\src\\components\\ProductImage\\ProductImage.tsx": {"path":"C:\\Users\\rafae\\Desktop\\projetos\\github\\ml-front-end-challenge\\src\\components\\ProductImage\\ProductImage.tsx","statementMap":{"0":{"start":{"line":10,"column":38},"end":{"line":14,"column":1}},"1":{"start":{"line":11,"column":2},"end":{"line":13,"column":8}}},"fnMap":{"0":{"name":"(anonymous_0)","decl":{"start":{"line":10,"column":38},"end":{"line":10,"column":39}},"loc":{"start":{"line":11,"column":2},"end":{"line":13,"column":8}},"line":11}},"branchMap":{},"s":{"0":4,"1":11},"f":{"0":11},"b":{},"_coverageSchema":"1a1c01bbd47fc00a2c39e90264f33305004495a9","hash":"7da7300f40a11c184ef773722aa87b9a0d8118ec"}
,"C:\\Users\\rafae\\Desktop\\projetos\\github\\ml-front-end-challenge\\src\\components\\ProductList\\ProductList.tsx": {"path":"C:\\Users\\rafae\\Desktop\\projetos\\github\\ml-front-end-challenge\\src\\components\\ProductList\\ProductList.tsx","statementMap":{"0":{"start":{"line":12,"column":37},"end":{"line":18,"column":1}},"1":{"start":{"line":13,"column":2},"end":{"line":17,"column":8}},"2":{"start":{"line":15,"column":6},"end":{"line":15,"column":56}}},"fnMap":{"0":{"name":"(anonymous_0)","decl":{"start":{"line":12,"column":37},"end":{"line":12,"column":38}},"loc":{"start":{"line":13,"column":2},"end":{"line":17,"column":8}},"line":13},"1":{"name":"(anonymous_1)","decl":{"start":{"line":14,"column":19},"end":{"line":14,"column":20}},"loc":{"start":{"line":15,"column":6},"end":{"line":15,"column":56}},"line":15}},"branchMap":{},"s":{"0":1,"1":1,"2":4},"f":{"0":1,"1":4},"b":{},"_coverageSchema":"1a1c01bbd47fc00a2c39e90264f33305004495a9","hash":"ace3c31db57f213f964f275917f9006bd8a00d6c"}
,"C:\\Users\\rafae\\Desktop\\projetos\\github\\ml-front-end-challenge\\src\\components\\ProductName\\ProductName.tsx": {"path":"C:\\Users\\rafae\\Desktop\\projetos\\github\\ml-front-end-challenge\\src\\components\\ProductName\\ProductName.tsx","statementMap":{"0":{"start":{"line":10,"column":37},"end":{"line":20,"column":1}},"1":{"start":{"line":11,"column":17},"end":{"line":11,"column":28}},"2":{"start":{"line":12,"column":14},"end":{"line":12,"column":61}},"3":{"start":{"line":14,"column":2},"end":{"line":19,"column":3}}},"fnMap":{"0":{"name":"(anonymous_0)","decl":{"start":{"line":10,"column":37},"end":{"line":10,"column":38}},"loc":{"start":{"line":10,"column":73},"end":{"line":20,"column":1}},"line":10}},"branchMap":{"0":{"loc":{"start":{"line":12,"column":14},"end":{"line":12,"column":61}},"type":"cond-expr","locations":[{"start":{"line":12,"column":50},"end":{"line":12,"column":54}},{"start":{"line":12,"column":57},"end":{"line":12,"column":61}}],"line":12}},"s":{"0":4,"1":14,"2":14,"3":14},"f":{"0":14},"b":{"0":[1,13]},"_coverageSchema":"1a1c01bbd47fc00a2c39e90264f33305004495a9","hash":"d56434e1dafce9ff189941e345fff2e2626f30a4"}
,"C:\\Users\\rafae\\Desktop\\projetos\\github\\ml-front-end-challenge\\src\\components\\ProductPrice\\ProductPrice.tsx": {"path":"C:\\Users\\rafae\\Desktop\\projetos\\github\\ml-front-end-challenge\\src\\components\\ProductPrice\\ProductPrice.tsx","statementMap":{"0":{"start":{"line":12,"column":38},"end":{"line":67,"column":1}},"1":{"start":{"line":13,"column":22},"end":{"line":44,"column":3}},"2":{"start":{"line":14,"column":18},"end":{"line":14,"column":43}},"3":{"start":{"line":17,"column":6},"end":{"line":19,"column":13}},"4":{"start":{"line":22,"column":4},"end":{"line":41,"column":5}},"5":{"start":{"line":23,"column":25},"end":{"line":23,"column":41}},"6":{"start":{"line":24,"column":31},"end":{"line":24,"column":74}},"7":{"start":{"line":25,"column":27},"end":{"line":25,"column":43}},"8":{"start":{"line":27,"column":6},"end":{"line":29,"column":7}},"9":{"start":{"line":28,"column":8},"end":{"line":28,"column":51}},"10":{"start":{"line":31,"column":6},"end":{"line":40,"column":7}},"11":{"start":{"line":43,"column":4},"end":{"line":43,"column":25}},"12":{"start":{"line":46,"column":2},"end":{"line":66,"column":3}},"13":{"start":{"line":62,"column":38},"end":{"line":62,"column":65}}},"fnMap":{"0":{"name":"(anonymous_0)","decl":{"start":{"line":12,"column":38},"end":{"line":12,"column":39}},"loc":{"start":{"line":12,"column":74},"end":{"line":67,"column":1}},"line":12},"1":{"name":"(anonymous_1)","decl":{"start":{"line":13,"column":22},"end":{"line":13,"column":23}},"loc":{"start":{"line":13,"column":41},"end":{"line":44,"column":3}},"line":13},"2":{"name":"(anonymous_2)","decl":{"start":{"line":62,"column":20},"end":{"line":62,"column":21}},"loc":{"start":{"line":62,"column":38},"end":{"line":62,"column":65}},"line":62}},"branchMap":{"0":{"loc":{"start":{"line":22,"column":4},"end":{"line":41,"column":5}},"type":"if","locations":[{"start":{"line":22,"column":4},"end":{"line":41,"column":5}},{"start":{},"end":{}}],"line":22},"1":{"loc":{"start":{"line":27,"column":6},"end":{"line":29,"column":7}},"type":"if","locations":[{"start":{"line":27,"column":6},"end":{"line":29,"column":7}},{"start":{},"end":{}}],"line":27}},"s":{"0":4,"1":13,"2":26,"3":26,"4":26,"5":4,"6":4,"7":4,"8":4,"9":2,"10":4,"11":26,"12":13,"13":26},"f":{"0":13,"1":26,"2":26},"b":{"0":[4,22],"1":[2,2]},"_coverageSchema":"1a1c01bbd47fc00a2c39e90264f33305004495a9","hash":"d80168dd93f751d42cfd37d7f08cdaf52666455a"}
,"C:\\Users\\rafae\\Desktop\\projetos\\github\\ml-front-end-challenge\\src\\components\\SearchField\\SearchField.tsx": {"path":"C:\\Users\\rafae\\Desktop\\projetos\\github\\ml-front-end-challenge\\src\\components\\SearchField\\SearchField.tsx","statementMap":{"0":{"start":{"line":6,"column":30},"end":{"line":41,"column":1}},"1":{"start":{"line":8,"column":26},"end":{"line":8,"column":38}},"2":{"start":{"line":9,"column":17},"end":{"line":9,"column":28}},"3":{"start":{"line":11,"column":19},"end":{"line":13,"column":3}},"4":{"start":{"line":12,"column":4},"end":{"line":12,"column":31}},"5":{"start":{"line":15,"column":19},"end":{"line":21,"column":3}},"6":{"start":{"line":16,"column":4},"end":{"line":16,"column":26}},"7":{"start":{"line":18,"column":4},"end":{"line":18,"column":21}},"8":{"start":{"line":18,"column":15},"end":{"line":18,"column":21}},"9":{"start":{"line":20,"column":4},"end":{"line":20,"column":40}},"10":{"start":{"line":23,"column":2},"end":{"line":40,"column":3}}},"fnMap":{"0":{"name":"(anonymous_0)","decl":{"start":{"line":6,"column":30},"end":{"line":6,"column":31}},"loc":{"start":{"line":6,"column":36},"end":{"line":41,"column":1}},"line":6},"1":{"name":"(anonymous_1)","decl":{"start":{"line":11,"column":19},"end":{"line":11,"column":20}},"loc":{"start":{"line":11,"column":67},"end":{"line":13,"column":3}},"line":11},"2":{"name":"(anonymous_2)","decl":{"start":{"line":15,"column":19},"end":{"line":15,"column":20}},"loc":{"start":{"line":15,"column":47},"end":{"line":21,"column":3}},"line":15}},"branchMap":{"0":{"loc":{"start":{"line":18,"column":4},"end":{"line":18,"column":21}},"type":"if","locations":[{"start":{"line":18,"column":4},"end":{"line":18,"column":21}},{"start":{},"end":{}}],"line":18}},"s":{"0":3,"1":9,"2":9,"3":9,"4":3,"5":9,"6":1,"7":1,"8":0,"9":1,"10":9},"f":{"0":9,"1":3,"2":1},"b":{"0":[0,1]},"_coverageSchema":"1a1c01bbd47fc00a2c39e90264f33305004495a9","hash":"9b2e9a64ee976f983ce7b27c3df0f698b773f98c"}
,"C:\\Users\\rafae\\Desktop\\projetos\\github\\ml-front-end-challenge\\src\\components\\SingleProduct\\SingleProduct.tsx": {"path":"C:\\Users\\rafae\\Desktop\\projetos\\github\\ml-front-end-challenge\\src\\components\\SingleProduct\\SingleProduct.tsx","statementMap":{"0":{"start":{"line":15,"column":39},"end":{"line":74,"column":1}},"1":{"start":{"line":16,"column":2},"end":{"line":16,"column":24}},"2":{"start":{"line":16,"column":13},"end":{"line":16,"column":24}},"3":{"start":{"line":18,"column":2},"end":{"line":73,"column":3}}},"fnMap":{"0":{"name":"(anonymous_0)","decl":{"start":{"line":15,"column":39},"end":{"line":15,"column":40}},"loc":{"start":{"line":15,"column":53},"end":{"line":74,"column":1}},"line":15}},"branchMap":{"0":{"loc":{"start":{"line":16,"column":2},"end":{"line":16,"column":24}},"type":"if","locations":[{"start":{"line":16,"column":2},"end":{"line":16,"column":24}},{"start":{},"end":{}}],"line":16},"1":{"loc":{"start":{"line":38,"column":20},"end":{"line":38,"column":79}},"type":"cond-expr","locations":[{"start":{"line":38,"column":47},"end":{"line":38,"column":61}},{"start":{"line":38,"column":64},"end":{"line":38,"column":79}}],"line":38},"2":{"loc":{"start":{"line":41,"column":17},"end":{"line":41,"column":59}},"type":"cond-expr","locations":[{"start":{"line":41,"column":44},"end":{"line":41,"column":51}},{"start":{"line":41,"column":54},"end":{"line":41,"column":59}}],"line":41},"3":{"loc":{"start":{"line":48,"column":17},"end":{"line":50,"column":17}},"type":"binary-expr","locations":[{"start":{"line":48,"column":17},"end":{"line":48,"column":35}},{"start":{"line":49,"column":18},"end":{"line":49,"column":74}}],"line":48},"4":{"loc":{"start":{"line":64,"column":11},"end":{"line":69,"column":11}},"type":"binary-expr","locations":[{"start":{"line":64,"column":11},"end":{"line":64,"column":27}},{"start":{"line":65,"column":12},"end":{"line":68,"column":14}}],"line":64}},"s":{"0":1,"1":6,"2":1,"3":5},"f":{"0":6},"b":{"0":[1,5],"1":[2,3],"2":[2,3],"3":[5,5],"4":[5,1]},"_coverageSchema":"1a1c01bbd47fc00a2c39e90264f33305004495a9","hash":"3a2505e6a6334ae477c62063d6b720468f897037"}
,"C:\\Users\\rafae\\Desktop\\projetos\\github\\ml-front-end-challenge\\src\\helpers\\getCategoryWithOccurrences.ts": {"path":"C:\\Users\\rafae\\Desktop\\projetos\\github\\ml-front-end-challenge\\src\\helpers\\getCategoryWithOccurrences.ts","statementMap":{"0":{"start":{"line":1,"column":42},"end":{"line":17,"column":1}},"1":{"start":{"line":2,"column":32},"end":{"line":9,"column":3}},"2":{"start":{"line":4,"column":6},"end":{"line":6,"column":19}},"3":{"start":{"line":10,"column":2},"end":{"line":16,"column":3}},"4":{"start":{"line":12,"column":6},"end":{"line":15,"column":22}}},"fnMap":{"0":{"name":"(anonymous_0)","decl":{"start":{"line":1,"column":42},"end":{"line":1,"column":43}},"loc":{"start":{"line":1,"column":60},"end":{"line":17,"column":1}},"line":1},"1":{"name":"(anonymous_1)","decl":{"start":{"line":3,"column":4},"end":{"line":3,"column":5}},"loc":{"start":{"line":4,"column":6},"end":{"line":6,"column":19}},"line":4},"2":{"name":"(anonymous_2)","decl":{"start":{"line":11,"column":4},"end":{"line":11,"column":5}},"loc":{"start":{"line":12,"column":6},"end":{"line":15,"column":22}},"line":12}},"branchMap":{"0":{"loc":{"start":{"line":5,"column":9},"end":{"line":5,"column":53}},"type":"binary-expr","locations":[{"start":{"line":5,"column":9},"end":{"line":5,"column":48}},{"start":{"line":5,"column":52},"end":{"line":5,"column":53}}],"line":5},"1":{"loc":{"start":{"line":12,"column":6},"end":{"line":15,"column":22}},"type":"cond-expr","locations":[{"start":{"line":14,"column":10},"end":{"line":14,"column":23}},{"start":{"line":15,"column":10},"end":{"line":15,"column":22}}],"line":12}},"s":{"0":2,"1":3,"2":11,"3":3,"4":4},"f":{"0":3,"1":11,"2":4},"b":{"0":[11,7],"1":[3,1]},"_coverageSchema":"1a1c01bbd47fc00a2c39e90264f33305004495a9","hash":"81ee607c42e3019d038d1aa255602b6ca8f4350d"}
,"C:\\Users\\rafae\\Desktop\\projetos\\github\\ml-front-end-challenge\\src\\pages\\api\\items\\index.tsx": {"path":"C:\\Users\\rafae\\Desktop\\projetos\\github\\ml-front-end-challenge\\src\\pages\\api\\items\\index.tsx","statementMap":{"0":{"start":{"line":10,"column":2},"end":{"line":51,"column":3}},"1":{"start":{"line":11,"column":25},"end":{"line":11,"column":46}},"2":{"start":{"line":13,"column":4},"end":{"line":13,"column":55}},"3":{"start":{"line":13,"column":15},"end":{"line":13,"column":55}},"4":{"start":{"line":15,"column":37},"end":{"line":15,"column":73}},"5":{"start":{"line":17,"column":24},"end":{"line":21,"column":5}},"6":{"start":{"line":23,"column":4},"end":{"line":23,"column":57}},"7":{"start":{"line":23,"column":34},"end":{"line":23,"column":57}},"8":{"start":{"line":25,"column":28},"end":{"line":25,"column":42}},"9":{"start":{"line":30,"column":8},"end":{"line":30,"column":23}},"10":{"start":{"line":32,"column":38},"end":{"line":32,"column":77}},"11":{"start":{"line":33,"column":31},"end":{"line":35,"column":5}},"12":{"start":{"line":36,"column":23},"end":{"line":36,"column":76}},"13":{"start":{"line":36,"column":62},"end":{"line":36,"column":75}},"14":{"start":{"line":37,"column":28},"end":{"line":37,"column":72}},"15":{"start":{"line":38,"column":18},"end":{"line":38,"column":68}},"16":{"start":{"line":40,"column":4},"end":{"line":44,"column":5}},"17":{"start":{"line":46,"column":4},"end":{"line":46,"column":57}},"18":{"start":{"line":48,"column":4},"end":{"line":50,"column":36}}},"fnMap":{"0":{"name":"(anonymous_0)","decl":{"start":{"line":9,"column":15},"end":{"line":9,"column":16}},"loc":{"start":{"line":9,"column":68},"end":{"line":52,"column":1}},"line":9},"1":{"name":"(anonymous_1)","decl":{"start":{"line":36,"column":43},"end":{"line":36,"column":44}},"loc":{"start":{"line":36,"column":62},"end":{"line":36,"column":75}},"line":36}},"branchMap":{"0":{"loc":{"start":{"line":13,"column":4},"end":{"line":13,"column":55}},"type":"if","locations":[{"start":{"line":13,"column":4},"end":{"line":13,"column":55}},{"start":{},"end":{}}],"line":13},"1":{"loc":{"start":{"line":23,"column":4},"end":{"line":23,"column":57}},"type":"if","locations":[{"start":{"line":23,"column":4},"end":{"line":23,"column":57}},{"start":{},"end":{}}],"line":23}},"s":{"0":2,"1":2,"2":2,"3":1,"4":1,"5":1,"6":1,"7":0,"8":1,"9":1,"10":1,"11":1,"12":1,"13":2,"14":1,"15":1,"16":1,"17":1,"18":0},"f":{"0":2,"1":2},"b":{"0":[1,1],"1":[0,1]},"_coverageSchema":"1a1c01bbd47fc00a2c39e90264f33305004495a9","hash":"8a4d750975bfe44f18cc650b1b5f39deef15b254"}
}
