TN:
SF:src\components\BreadCrumb\BreadCrumb.tsx
FN:8,(anonymous_0)
FN:11,(anonymous_1)
FNF:2
FNH:2
FNDA:2,(anonymous_0)
FNDA:2,(anonymous_1)
DA:8,1
DA:9,2
DA:12,2
LF:3
LH:3
BRF:0
BRH:0
end_of_record
TN:
SF:src\components\Container\Container.tsx
FN:10,(anonymous_0)
FNF:1
FNH:1
FNDA:1,(anonymous_0)
DA:10,1
DA:11,1
LF:2
LH:2
BRF:0
BRH:0
end_of_record
TN:
SF:src\components\Content\Content.tsx
FN:9,(anonymous_0)
FNF:1
FNH:1
FNDA:1,(anonymous_0)
DA:9,1
DA:10,1
LF:2
LH:2
BRF:0
BRH:0
end_of_record
TN:
SF:src\components\Feedback\Feedback.tsx
FN:10,(anonymous_0)
FNF:1
FNH:1
FNDA:2,(anonymous_0)
DA:10,1
DA:11,2
LF:2
LH:2
BRDA:12,0,0,2
BRDA:12,0,1,1
BRF:2
BRH:2
end_of_record
TN:
SF:src\components\Header\Header.tsx
FN:8,(anonymous_0)
FNF:1
FNH:1
FNDA:4,(anonymous_0)
DA:8,2
DA:9,4
DA:10,4
DA:12,4
LF:4
LH:4
BRDA:10,0,0,3
BRDA:10,0,1,1
BRF:2
BRH:2
end_of_record
TN:
SF:src\components\ProductCard\ProductCard.tsx
FN:15,(anonymous_0)
FNF:1
FNH:1
FNDA:5,(anonymous_0)
DA:15,2
DA:16,5
LF:2
LH:2
BRDA:36,0,0,5
BRDA:36,0,1,5
BRF:2
BRH:2
end_of_record
TN:
SF:src\components\ProductDescription\ProductDescription.tsx
FN:8,(anonymous_0)
FNF:1
FNH:1
FNDA:3,(anonymous_0)
DA:8,2
DA:9,3
LF:2
LH:2
BRF:0
BRH:0
end_of_record
TN:
SF:src\components\ProductImage\ProductImage.tsx
FN:10,(anonymous_0)
FNF:1
FNH:1
FNDA:11,(anonymous_0)
DA:10,4
DA:11,11
LF:2
LH:2
BRF:0
BRH:0
end_of_record
TN:
SF:src\components\ProductList\ProductList.tsx
FN:12,(anonymous_0)
FN:14,(anonymous_1)
FNF:2
FNH:2
FNDA:1,(anonymous_0)
FNDA:4,(anonymous_1)
DA:12,1
DA:13,1
DA:15,4
LF:3
LH:3
BRF:0
BRH:0
end_of_record
TN:
SF:src\components\ProductName\ProductName.tsx
FN:10,(anonymous_0)
FNF:1
FNH:1
FNDA:14,(anonymous_0)
DA:10,4
DA:11,14
DA:12,14
DA:14,14
LF:4
LH:4
BRDA:12,0,0,1
BRDA:12,0,1,13
BRF:2
BRH:2
end_of_record
TN:
SF:src\components\ProductPrice\ProductPrice.tsx
FN:12,(anonymous_0)
FN:13,(anonymous_1)
FN:62,(anonymous_2)
FNF:3
FNH:3
FNDA:13,(anonymous_0)
FNDA:26,(anonymous_1)
FNDA:26,(anonymous_2)
DA:12,4
DA:13,13
DA:14,26
DA:17,26
DA:22,26
DA:23,4
DA:24,4
DA:25,4
DA:27,4
DA:28,2
DA:31,4
DA:43,26
DA:46,13
DA:62,26
LF:14
LH:14
BRDA:22,0,0,4
BRDA:22,0,1,22
BRDA:27,1,0,2
BRDA:27,1,1,2
BRF:4
BRH:4
end_of_record
TN:
SF:src\components\SearchField\SearchField.tsx
FN:6,(anonymous_0)
FN:11,(anonymous_1)
FN:15,(anonymous_2)
FNF:3
FNH:3
FNDA:9,(anonymous_0)
FNDA:3,(anonymous_1)
FNDA:1,(anonymous_2)
DA:6,3
DA:8,9
DA:9,9
DA:11,9
DA:12,3
DA:15,9
DA:16,1
DA:18,1
DA:20,1
DA:23,9
LF:10
LH:10
BRDA:18,0,0,0
BRDA:18,0,1,1
BRF:2
BRH:1
end_of_record
TN:
SF:src\components\SingleProduct\SingleProduct.tsx
FN:15,(anonymous_0)
FNF:1
FNH:1
FNDA:6,(anonymous_0)
DA:15,1
DA:16,6
DA:18,5
LF:3
LH:3
BRDA:16,0,0,1
BRDA:16,0,1,5
BRDA:38,1,0,2
BRDA:38,1,1,3
BRDA:41,2,0,2
BRDA:41,2,1,3
BRDA:48,3,0,5
BRDA:48,3,1,5
BRDA:64,4,0,5
BRDA:64,4,1,1
BRF:10
BRH:10
end_of_record
TN:
SF:src\helpers\getCategoryWithOccurrences.ts
FN:1,(anonymous_0)
FN:3,(anonymous_1)
FN:11,(anonymous_2)
FNF:3
FNH:3
FNDA:3,(anonymous_0)
FNDA:11,(anonymous_1)
FNDA:4,(anonymous_2)
DA:1,2
DA:2,3
DA:4,11
DA:10,3
DA:12,4
LF:5
LH:5
BRDA:5,0,0,11
BRDA:5,0,1,7
BRDA:12,1,0,3
BRDA:12,1,1,1
BRF:4
BRH:4
end_of_record
TN:
SF:src\pages\api\items\index.tsx
FN:9,(anonymous_0)
FN:36,(anonymous_1)
FNF:2
FNH:2
FNDA:2,(anonymous_0)
FNDA:2,(anonymous_1)
DA:10,2
DA:11,2
DA:13,2
DA:15,1
DA:17,1
DA:23,1
DA:25,1
DA:30,1
DA:32,1
DA:33,1
DA:36,2
DA:37,1
DA:38,1
DA:40,1
DA:46,1
DA:48,0
LF:16
LH:15
BRDA:13,0,0,1
BRDA:13,0,1,1
BRDA:23,1,0,0
BRDA:23,1,1,1
BRF:4
BRH:3
end_of_record
